<?xml version="1.0" encoding="UTF-8" ?>
<testsuite tests="25" failures="0" name="CreateAccount.TestCukes" time="0.01" errors="0" skipped="0">
  <properties>
[...]
</properties>
  <testcase classname="Scenario: For valid customer create new Account" name="Given customer details" time="0"/>
  <testcase classname="Scenario: For valid customer create new Account" name="When vaild customer" time="0"/>
  <testcase classname="Scenario: For valid customer create new Account" name="And vaild opening balance" time="0"/>
  <testcase classname="Scenario: For valid customer create new Account" name="Then create new Account" time="0"/>
  <testcase classname="Scenario: For valid customer create new Account" name="Scenario: For valid customer create new Account" time="0.009"/>
  <testcase classname="Scenario: For Invalid Customer" name="Given customer details1" time="0"/>
  <testcase classname="Scenario: For Invalid Customer" name="When Invaild customer" time="0"/>
  <testcase classname="Scenario: For Invalid Customer" name="Then throw &apos;Invalid Customer&apos; error message" time="0"/>
  <testcase classname="Scenario: For Invalid Customer" name="Scenario: For Invalid Customer" time="0"/>
  <testcase classname="Scenario: For Invalid Openingbalance" name="Given customer details and Openingbalance" time="0"/>
  <testcase classname="Scenario: For Invalid Openingbalance" name="When Invaild Openingbalance" time="0"/>
  <testcase classname="Scenario: For Invalid Openingbalance" name="Then throw &apos;Insufficient Balance&apos; error message" time="0"/>
  <testcase classname="Scenario: For Invalid Openingbalance" name="Scenario: For Invalid Openingbalance" time="0"/>
  <testcase classname="Scenario: Find account details for customer" name="Given Account number" time="0"/>
  <testcase classname="Scenario: Find account details for customer" name="When Valid account number" time="0"/>
  <testcase classname="Scenario: Find account details for customer" name="Then find account details" time="0"/>
  <testcase classname="Scenario: Find account details for customer" name="Scenario: Find account details for customer" time="0"/>
  <testcase classname="Scenario: Withdraw amount from account" name="Given Account number 1 and amount 1000" time="0"/>
  <testcase classname="Scenario: Withdraw amount from account" name="When Find account and do withdrawal" time="0"/>
  <testcase classname="Scenario: Withdraw amount from account" name="Then update the account details" time="0"/>
  <testcase classname="Scenario: Withdraw amount from account" name="Scenario: Withdraw amount from account" time="0"/>
  <testcase classname="Scenario: deposit amount to account" name="Given Account number 1 and amount 1000" time="0"/>
  <testcase classname="Scenario: deposit amount to account" name="When Find account and do deposit" time="0"/>
  <testcase classname="Scenario: deposit amount to account" name="Then update the account details" time="0"/>
  <testcase classname="Scenario: deposit amount to account" name="Scenario: deposit amount to account" time="0.001"/>
</testsuite>